#
# There is insufficient memory for the Java Runtime Environment to continue.
# Native memory allocation (mmap) failed to map 121634816 bytes. Error detail: G1 virtual space
# Possible reasons:
#   The system is out of physical RAM or swap space
#   This process is running with CompressedOops enabled, and the Java Heap may be blocking the growth of the native heap
# Possible solutions:
#   Reduce memory load on the system
#   Increase physical memory or swap space
#   Check if swap backing store is full
#   Decrease Java heap size (-Xmx/-Xms)
#   Decrease number of Java threads
#   Decrease Java thread stack sizes (-Xss)
#   Set larger code cache with -XX:ReservedCodeCacheSize=
#   JVM is running with Unscaled Compressed Oops mode in which the Java heap is
#     placed in the first 4GB address space. The Java Heap base address is the
#     maximum limit for the native heap growth. Please use -XX:HeapBaseMinAddress
#     to set the Java Heap base and to place the Java Heap above 4GB virtual address.
# This output file may be truncated or incomplete.
#
#  Out of Memory Error (os_windows.cpp:3686), pid=143944, tid=132892
#
# JRE version:  (21.0.6+7) (build )
# Java VM: OpenJDK 64-Bit Server VM (21.0.6+7-LTS, mixed mode, sharing, tiered, compressed oops, compressed class ptrs, g1 gc, windows-amd64)
# No core dump will be written. Minidumps are not enabled by default on client versions of Windows
#

---------------  S U M M A R Y ------------

Command Line: -Dfile.encoding=UTF-8 -Dstdout.encoding=UTF-8 -Dstderr.encoding=UTF-8 -XX:+ShowCodeDetailsInExceptionMessages farmaciaMenu.menu

Host: AMD Ryzen 5 7520U with Radeon Graphics         , 8 cores, 7G,  Windows 11 , 64 bit Build 26100 (10.0.26100.3912)
Time: Sun May  4 23:00:48 2025 Hora oficial do Brasil elapsed time: 1.268280 seconds (0d 0h 0m 1s)

---------------  T H R E A D  ---------------

Current thread (0x0000029ef3d244f0):  JavaThread "Unknown thread" [_thread_in_vm, id=132892, stack(0x000000b2b7200000,0x000000b2b7300000) (1024K)]

Stack: [0x000000b2b7200000,0x000000b2b7300000]
Native frames: (J=compiled Java code, j=interpreted, Vv=VM code, C=native code)
V  [jvm.dll+0x6cdee9]
V  [jvm.dll+0x8a83d1]
V  [jvm.dll+0x8aa8fe]
V  [jvm.dll+0x8aafe3]
V  [jvm.dll+0x27f706]
V  [jvm.dll+0x6ca755]
V  [jvm.dll+0x6bea3a]
V  [jvm.dll+0x355d6a]
V  [jvm.dll+0x35d936]
V  [jvm.dll+0x3af58e]
V  [jvm.dll+0x3af838]
V  [jvm.dll+0x329efc]
V  [jvm.dll+0x32aa5b]
V  [jvm.dll+0x871639]
V  [jvm.dll+0x3bc361]
V  [jvm.dll+0x85a763]
V  [jvm.dll+0x45066e]
V  [jvm.dll+0x4522b1]
C  [jli.dll+0x5278]
C  [ucrtbase.dll+0x37b0]
C  [KERNEL32.DLL+0x2e8d7]
C  [ntdll.dll+0x9c5dc]


---------------  P R O C E S S  ---------------

Threads class SMR info:
_java_thread_list=0x00007ffe6b10a0c8, length=0, elements={
}

Java Threads: ( => current thread )
Total: 0

Other Threads:
  0x0000029ef61ad550 WorkerThread "GC Thread#0"                     [id=142740, stack(0x000000b2b7300000,0x000000b2b7400000) (1024K)]
  0x0000029ef61bccf0 ConcurrentGCThread "G1 Main Marker"            [id=138992, stack(0x000000b2b7400000,0x000000b2b7500000) (1024K)]
  0x0000029ef61bf620 WorkerThread "G1 Conc#0"                       [id=142052, stack(0x000000b2b7500000,0x000000b2b7600000) (1024K)]

[error occurred during error reporting (printing all threads), id 0xc0000005, EXCEPTION_ACCESS_VIOLATION (0xc0000005) at pc=0x00007ffe6a80c827]
VM state: not at safepoint (not fully initialized)

VM Mutex/Monitor currently owned by a thread:  ([mutex/lock_event])
[0x00007ffe6b17e480] Heap_lock - owner thread: 0x0000029ef3d244f0

Heap address: 0x000000008c200000, size: 1854 MB, Compressed Oops mode: 32-bit

CDS archive(s) mapped at: [0x0000000000000000-0x0000000000000000-0x0000000000000000), size 0, SharedBaseAddress: 0x0000000800000000, ArchiveRelocationMode: 1.
Narrow klass base: 0x0000000000000000, Narrow klass shift: 0, Narrow klass range: 0x0

GC Precious Log:
 CardTable entry size: 512
 Card Set container configuration: InlinePtr #cards 5 size 8 Array Of Cards #cards 12 size 40 Howl #buckets 4 coarsen threshold 1843 Howl Bitmap #cards 512 size 80 coarsen threshold 460 Card regions per heap region 1 cards per card region 2048

Heap:
 garbage-first heap   total 0K, used 0K [0x000000008c200000, 0x0000000100000000)
  region size 1024K, 0 young (0K), 0 survivors (0K)

[error occurred during error reporting (printing heap information), id 0xc0000005, EXCEPTION_ACCESS_VIOLATION (0xc0000005) at pc=0x00007ffe6abf79b9]
GC Heap History (0 events):
No events

Dll operation events (1 events):
Event: 0.010 Loaded shared library C:\Users\carlo\Desktop\pedido de bolsa mackenzie\java\sts-4.29.1.RELEASE\plugins\org.eclipse.justj.openjdk.hotspot.jre.full.win32.x86_64_21.0.6.v20250130-0529\jre\bin\java.dll

Deoptimization events (0 events):
No events

Classes loaded (0 events):
No events

Classes unloaded (0 events):
No events

Classes redefined (0 events):
No events

Internal exceptions (0 events):
No events

ZGC Phase Switch (0 events):
No events

VM Operations (0 events):
No events

Memory protections (0 events):
No events

Nmethod flushes (0 events):
No events

Events (0 events):
No events


Dynamic libraries:
0x00007ff70c660000 - 0x00007ff70c66e000 	C:\Users\carlo\Desktop\pedido de bolsa mackenzie\java\sts-4.29.1.RELEASE\plugins\org.eclipse.justj.openjdk.hotspot.jre.full.win32.x86_64_21.0.6.v20250130-0529\jre\bin\javaw.exe
0x00007ffecea60000 - 0x00007ffececc6000 	C:\WINDOWS\SYSTEM32\ntdll.dll
0x00007ffecd710000 - 0x00007ffecd7d9000 	C:\WINDOWS\System32\KERNEL32.DLL
0x00007ffecc3a0000 - 0x00007ffecc76c000 	C:\WINDOWS\System32\KERNELBASE.dll
0x00007ffecc250000 - 0x00007ffecc39b000 	C:\WINDOWS\System32\ucrtbase.dll
0x00007ffeb4b80000 - 0x00007ffeb4b98000 	C:\Users\carlo\Desktop\pedido de bolsa mackenzie\java\sts-4.29.1.RELEASE\plugins\org.eclipse.justj.openjdk.hotspot.jre.full.win32.x86_64_21.0.6.v20250130-0529\jre\bin\jli.dll
0x00007ffeb68f0000 - 0x00007ffeb690e000 	C:\Users\carlo\Desktop\pedido de bolsa mackenzie\java\sts-4.29.1.RELEASE\plugins\org.eclipse.justj.openjdk.hotspot.jre.full.win32.x86_64_21.0.6.v20250130-0529\jre\bin\VCRUNTIME140.dll
0x00007ffece490000 - 0x00007ffece65a000 	C:\WINDOWS\System32\USER32.dll
0x00007ffeb6200000 - 0x00007ffeb649a000 	C:\WINDOWS\WinSxS\amd64_microsoft.windows.common-controls_6595b64144ccf1df_6.0.26100.3912_none_3e07963ce335137e\COMCTL32.dll
0x00007ffecd7e0000 - 0x00007ffecd889000 	C:\WINDOWS\System32\msvcrt.dll
0x00007ffecbec0000 - 0x00007ffecbee7000 	C:\WINDOWS\System32\win32u.dll
0x00007ffecd9d0000 - 0x00007ffecd9fb000 	C:\WINDOWS\System32\GDI32.dll
0x00007ffecc110000 - 0x00007ffecc242000 	C:\WINDOWS\System32\gdi32full.dll
0x00007ffecc770000 - 0x00007ffecc813000 	C:\WINDOWS\System32\msvcp_win.dll
0x00007ffecc930000 - 0x00007ffecc960000 	C:\WINDOWS\System32\IMM32.DLL
0x00007ffeb68e0000 - 0x00007ffeb68ec000 	C:\Users\carlo\Desktop\pedido de bolsa mackenzie\java\sts-4.29.1.RELEASE\plugins\org.eclipse.justj.openjdk.hotspot.jre.full.win32.x86_64_21.0.6.v20250130-0529\jre\bin\vcruntime140_1.dll
0x00007ffe9c440000 - 0x00007ffe9c4cd000 	C:\Users\carlo\Desktop\pedido de bolsa mackenzie\java\sts-4.29.1.RELEASE\plugins\org.eclipse.justj.openjdk.hotspot.jre.full.win32.x86_64_21.0.6.v20250130-0529\jre\bin\msvcp140.dll
0x00007ffe6a4d0000 - 0x00007ffe6b260000 	C:\Users\carlo\Desktop\pedido de bolsa mackenzie\java\sts-4.29.1.RELEASE\plugins\org.eclipse.justj.openjdk.hotspot.jre.full.win32.x86_64_21.0.6.v20250130-0529\jre\bin\server\jvm.dll
0x00007ffecd890000 - 0x00007ffecd942000 	C:\WINDOWS\System32\ADVAPI32.dll
0x00007ffecd020000 - 0x00007ffecd0c6000 	C:\WINDOWS\System32\sechost.dll
0x00007ffecd560000 - 0x00007ffecd676000 	C:\WINDOWS\System32\RPCRT4.dll
0x00007ffecd690000 - 0x00007ffecd704000 	C:\WINDOWS\System32\WS2_32.dll
0x00007ffec1200000 - 0x00007ffec1236000 	C:\WINDOWS\SYSTEM32\WINMM.dll
0x00007ffebc140000 - 0x00007ffebc14b000 	C:\WINDOWS\SYSTEM32\VERSION.dll
0x00007ffecba40000 - 0x00007ffecba9e000 	C:\WINDOWS\SYSTEM32\POWRPROF.dll
0x00007ffecba20000 - 0x00007ffecba34000 	C:\WINDOWS\SYSTEM32\UMPDC.dll
0x00007ffeca9b0000 - 0x00007ffeca9ca000 	C:\WINDOWS\SYSTEM32\kernel.appcore.dll
0x00007ffec7c40000 - 0x00007ffec7c4a000 	C:\Users\carlo\Desktop\pedido de bolsa mackenzie\java\sts-4.29.1.RELEASE\plugins\org.eclipse.justj.openjdk.hotspot.jre.full.win32.x86_64_21.0.6.v20250130-0529\jre\bin\jimage.dll
0x00007ffec8f90000 - 0x00007ffec91d1000 	C:\WINDOWS\SYSTEM32\DBGHELP.DLL
0x00007ffecd1d0000 - 0x00007ffecd554000 	C:\WINDOWS\System32\combase.dll
0x00007ffecca50000 - 0x00007ffeccb30000 	C:\WINDOWS\System32\OLEAUT32.dll
0x00007ffeaada0000 - 0x00007ffeaadd9000 	C:\WINDOWS\SYSTEM32\dbgcore.DLL
0x00007ffecc070000 - 0x00007ffecc109000 	C:\WINDOWS\System32\bcryptPrimitives.dll
0x00007ffec11e0000 - 0x00007ffec11ff000 	C:\Users\carlo\Desktop\pedido de bolsa mackenzie\java\sts-4.29.1.RELEASE\plugins\org.eclipse.justj.openjdk.hotspot.jre.full.win32.x86_64_21.0.6.v20250130-0529\jre\bin\java.dll

dbghelp: loaded successfully - version: 4.0.5 - missing functions: none
symbol engine: initialized successfully - sym options: 0x614 - pdb path: .;C:\Users\carlo\Desktop\pedido de bolsa mackenzie\java\sts-4.29.1.RELEASE\plugins\org.eclipse.justj.openjdk.hotspot.jre.full.win32.x86_64_21.0.6.v20250130-0529\jre\bin;C:\WINDOWS\SYSTEM32;C:\WINDOWS\WinSxS\amd64_microsoft.windows.common-controls_6595b64144ccf1df_6.0.26100.3912_none_3e07963ce335137e;C:\Users\carlo\Desktop\pedido de bolsa mackenzie\java\sts-4.29.1.RELEASE\plugins\org.eclipse.justj.openjdk.hotspot.jre.full.win32.x86_64_21.0.6.v20250130-0529\jre\bin\server

VM Arguments:
jvm_args: -Dfile.encoding=UTF-8 -Dstdout.encoding=UTF-8 -Dstderr.encoding=UTF-8 -XX:+ShowCodeDetailsInExceptionMessages 
java_command: farmaciaMenu.menu
java_class_path (initial): C:\Users\carlo\Desktop\generation\Farmacia\Farmacia\bin
Launcher Type: SUN_STANDARD

[Global flags]
     intx CICompilerCount                          = 4                                         {product} {ergonomic}
     uint ConcGCThreads                            = 2                                         {product} {ergonomic}
     uint G1ConcRefinementThreads                  = 8                                         {product} {ergonomic}
   size_t G1HeapRegionSize                         = 1048576                                   {product} {ergonomic}
    uintx GCDrainStackTargetSize                   = 64                                        {product} {ergonomic}
   size_t InitialHeapSize                          = 121634816                                 {product} {ergonomic}
   size_t MarkStackSize                            = 4194304                                   {product} {ergonomic}
   size_t MaxHeapSize                              = 1944059904                                {product} {ergonomic}
   size_t MinHeapDeltaBytes                        = 1048576                                   {product} {ergonomic}
   size_t MinHeapSize                              = 8388608                                   {product} {ergonomic}
    uintx NonNMethodCodeHeapSize                   = 5839372                                {pd product} {ergonomic}
    uintx NonProfiledCodeHeapSize                  = 122909434                              {pd product} {ergonomic}
    uintx ProfiledCodeHeapSize                     = 122909434                              {pd product} {ergonomic}
    uintx ReservedCodeCacheSize                    = 251658240                              {pd product} {ergonomic}
     bool SegmentedCodeCache                       = true                                      {product} {ergonomic}
     bool ShowCodeDetailsInExceptionMessages       = true                                   {manageable} {command line}
   size_t SoftMaxHeapSize                          = 1944059904                             {manageable} {ergonomic}
     bool UseCompressedOops                        = true                           {product lp64_product} {ergonomic}
     bool UseG1GC                                  = true                                      {product} {ergonomic}
     bool UseLargePagesIndividualAllocation        = false                                  {pd product} {ergonomic}

Logging:
Log output configuration:
 #0: stdout all=warning uptime,level,tags foldmultilines=false
 #1: stderr all=off uptime,level,tags foldmultilines=false

Environment Variables:
PATH=C:/Users/carlo/Desktop/pedido de bolsa mackenzie/java/sts-4.29.1.RELEASE//plugins/org.eclipse.justj.openjdk.hotspot.jre.full.win32.x86_64_21.0.6.v20250130-0529/jre/bin/server;C:/Users/carlo/Desktop/pedido de bolsa mackenzie/java/sts-4.29.1.RELEASE//plugins/org.eclipse.justj.openjdk.hotspot.jre.full.win32.x86_64_21.0.6.v20250130-0529/jre/bin;C:\Program Files\Common Files\Oracle\Java\javapath;C:\WINDOWS\system32;C:\WINDOWS;C:\WINDOWS\System32\Wbem;C:\WINDOWS\System32\WindowsPowerShell\v1.0\;C:\WINDOWS\System32\OpenSSH\;C:\Program Files\nodejs\;C:\Program Files\Git\cmd;C:\ProgramData\UNIVALI\Portugol Studio;C:\Users\carlo\AppData\Local\Programs\Python\Launcher\;C:\Users\carlo\AppData\Local\Programs\Eclipse Adoptium\jdk-21.0.6.7-hotspot\bin;C:\Users\carlo\AppData\Local\Microsoft\WindowsApps;C:\Users\carlo\AppData\Local\Programs\Microsoft VS Code\bin;C:\Users\carlo\AppData\Roaming\npm;C:\Users\carlo\AppData\Local\GitHubDesktop\bin;C:\Users\carlo\Desktop\pedido de bolsa mackenzie\java\sts-4.29.1.RELEASE;
USERNAME=carlo
OS=Windows_NT
PROCESSOR_IDENTIFIER=AMD64 Family 23 Model 160 Stepping 0, AuthenticAMD
TMP=C:\Users\carlo\AppData\Local\Temp
TEMP=C:\Users\carlo\AppData\Local\Temp




Periodic native trim disabled

---------------  S Y S T E M  ---------------

OS:
 Windows 11 , 64 bit Build 26100 (10.0.26100.3912)
OS uptime: 3 days 22:47 hours
Hyper-V role detected

CPU: total 8 (initial active 8) (8 cores per cpu, 2 threads per core) family 23 model 160 stepping 0 microcode 0x8a00006, cx8, cmov, fxsr, ht, mmx, 3dnowpref, sse, sse2, sse3, ssse3, sse4a, sse4.1, sse4.2, popcnt, lzcnt, tsc, tscinvbit, avx, avx2, aes, clmul, bmi1, bmi2, adx, sha, fma, vzeroupper, clflush, clflushopt, hv, rdtscp, rdpid, f16c
Processor Information for processor 0
  Max Mhz: 2801, Current Mhz: 2801, Mhz Limit: 2801
Processor Information for processor 1
  Max Mhz: 2801, Current Mhz: 1981, Mhz Limit: 2801
Processor Information for processor 2
  Max Mhz: 2801, Current Mhz: 1981, Mhz Limit: 2801
Processor Information for processor 3
  Max Mhz: 2801, Current Mhz: 2801, Mhz Limit: 2801
Processor Information for processor 4
  Max Mhz: 2801, Current Mhz: 1981, Mhz Limit: 2801
Processor Information for processor 5
  Max Mhz: 2801, Current Mhz: 1981, Mhz Limit: 2801
Processor Information for processor 6
  Max Mhz: 2801, Current Mhz: 1981, Mhz Limit: 2801
Processor Information for processor 7
  Max Mhz: 2801, Current Mhz: 1981, Mhz Limit: 2801

Memory: 4k page, system-wide physical 7413M (507M free)
TotalPageFile size 29941M (AvailPageFile size 89M)
current process WorkingSet (physical memory assigned to process): 12M, peak: 12M
current process commit charge ("private bytes"): 60M, peak: 176M

vm_info: OpenJDK 64-Bit Server VM (21.0.6+7-LTS) for windows-amd64 JRE (21.0.6+7-LTS), built on 2025-01-21T00:00:00Z by "admin" with MS VC++ 17.7 (VS2022)

END.
